<?xml version="1.0" encoding="UTF-8"?>
<!-- Generated by org.testng.reporters.JUnitReportReporter -->
<testsuite hostname="BLRJPT000419L" name="Academy.VefifyHomePage" tests="1" failures="0" timestamp="8 Mar 2018 09:51:33 GMT" time="11.081" errors="0">
  <testcase name="homePageNavigation" time="11.081" classname="Academy.VefifyHomePage"/>
</testsuite> <!-- Academy.VefifyHomePage -->
