<?xml version="1.0" encoding="UTF-8"?>
<!-- Generated by org.testng.reporters.JUnitReportReporter -->
<testsuite hostname="BLRJPT000419L" name="Academy.HomePage" tests="1" failures="0" timestamp="8 Mar 2018 09:20:54 GMT" time="7.985" errors="0">
  <testcase name="homePageNavigation" time="7.985" classname="Academy.HomePage"/>
</testsuite> <!-- Academy.HomePage -->
