<?xml version="1.0" encoding="UTF-8"?>
<!-- Generated by org.testng.reporters.JUnitReportReporter -->
<testsuite hostname="BLRJPT000419L" name="Academy.AppTest" tests="1" failures="0" timestamp="12 Mar 2018 01:08:12 GMT" time="0.019" errors="0">
  <testcase name="testApp" time="0.019" classname="Academy.AppTest"/>
</testsuite> <!-- Academy.AppTest -->
