<?xml version="1.0" encoding="UTF-8"?>
<!-- Generated by org.testng.reporters.JUnitReportReporter -->
<testsuite hostname="BLRJPT000419L" name="Academy.verifyHomePageContents" tests="1" failures="0" timestamp="12 Mar 2018 00:55:48 GMT" time="20.024" errors="0">
  <testcase name="verifyContents" time="20.024" classname="Academy.verifyHomePageContents"/>
</testsuite> <!-- Academy.verifyHomePageContents -->
